[debug] [2019-12-06T20:43:03.927Z] ----------------------------------------------------------------------
[debug] [2019-12-06T20:43:03.929Z] Command:       C:\Program Files\nodejs\node.exe C:\Users\Ariel\AppData\Roaming\npm\node_modules\firebase-tools\lib\bin\firebase.js init
[debug] [2019-12-06T20:43:03.930Z] CLI Version:   7.8.1
[debug] [2019-12-06T20:43:03.930Z] Platform:      win32
[debug] [2019-12-06T20:43:03.930Z] Node Version:  v10.15.3
[debug] [2019-12-06T20:43:03.931Z] Time:          Fri Dec 06 2019 16:43:03 GMT-0400 (Venezuela Time)
[debug] [2019-12-06T20:43:03.932Z] ----------------------------------------------------------------------
[debug] [2019-12-06T20:43:03.932Z] 
[debug] [2019-12-06T20:43:03.947Z] > command requires scopes: ["email","openid","https://www.googleapis.com/auth/cloudplatformprojects.readonly","https://www.googleapis.com/auth/firebase","https://www.googleapis.com/auth/cloud-platform"]
[debug] [2019-12-06T20:43:03.948Z] > authorizing via signed-in user
[info] 
     ######## #### ########  ######## ########     ###     ######  ########
     ##        ##  ##     ## ##       ##     ##  ##   ##  ##       ##
     ######    ##  ########  ######   ########  #########  ######  ######
     ##        ##  ##    ##  ##       ##     ## ##     ##       ## ##
     ##       #### ##     ## ######## ########  ##     ##  ######  ########

You're about to initialize a Firebase project in this directory:

  D:\Personal Files\Ariel HDD\Education\PUCMM\DiseñoDeSistemas\eLibrary\project\eLibrary\libraryApp

[info] 
=== Project Setup
[info] 
[info] First, let's associate this project directory with a Firebase project.
[info] You can create multiple project aliases by running firebase use --add, 
[info] but for now we'll just set up a default project.
[info] 
[debug] [2019-12-06T20:43:29.263Z] > refreshing access token with scopes: ["email","https://www.googleapis.com/auth/cloud-platform","https://www.googleapis.com/auth/cloudplatformprojects.readonly","https://www.googleapis.com/auth/firebase","openid"]
[debug] [2019-12-06T20:43:29.263Z] >>> HTTP REQUEST POST https://www.googleapis.com/oauth2/v3/token  
 <request body omitted>
[debug] [2019-12-06T20:43:29.553Z] <<< HTTP RESPONSE 200
[debug] [2019-12-06T20:43:29.560Z] >>> HTTP REQUEST GET https://firebase.googleapis.com/v1beta1/projects?pageSize=100  
 
[debug] [2019-12-06T20:43:30.090Z] <<< HTTP RESPONSE 200
[info] i  Using project elibrary-8ce6a (eLibrary)
[info] 
=== Hosting Setup
[info] 
[info] Your public directory is the folder (relative to your project directory) that
[info] will contain Hosting assets to be uploaded with firebase deploy. If you
[info] have a build process for your assets, use your build's output directory.
[info] 
